<?xml version="1.0" encoding="UTF-8"?>
<testsuite name="com.hyhr.hr_proj.domain.users.UsersRepositoryTest" tests="2" skipped="0" failures="0" errors="0" timestamp="2022-09-20T11:27:07" hostname="songjaeheon-ThinkPad-E14-Gen-3" time="0.036">
  <properties/>
  <testcase name="usersSaveAndLoad()" classname="com.hyhr.hr_proj.domain.users.UsersRepositoryTest" time="0.023"/>
  <testcase name="BaseTimeEntityEnrollment()" classname="com.hyhr.hr_proj.domain.users.UsersRepositoryTest" time="0.013"/>
  <system-out><![CDATA[2022-09-20 20:27:07.772  INFO 27721 --- [    Test worker] .b.t.c.SpringBootTestContextBootstrapper : Neither @ContextConfiguration nor @ContextHierarchy found for test class [com.hyhr.hr_proj.domain.users.UsersRepositoryTest], using SpringBootContextLoader
2022-09-20 20:27:07.773  INFO 27721 --- [    Test worker] o.s.t.c.support.AbstractContextLoader    : Could not detect default resource locations for test class [com.hyhr.hr_proj.domain.users.UsersRepositoryTest]: no resource found for suffixes {-context.xml, Context.groovy}.
2022-09-20 20:27:07.774  INFO 27721 --- [    Test worker] t.c.s.AnnotationConfigContextLoaderUtils : Could not detect default configuration classes for test class [com.hyhr.hr_proj.domain.users.UsersRepositoryTest]: UsersRepositoryTest does not declare any static, non-private, non-final, nested classes annotated with @Configuration.
2022-09-20 20:27:07.781  INFO 27721 --- [    Test worker] .b.t.c.SpringBootTestContextBootstrapper : Found @SpringBootConfiguration com.hyhr.hr_proj.HrProjApplication for test class com.hyhr.hr_proj.domain.users.UsersRepositoryTest
2022-09-20 20:27:07.783  INFO 27721 --- [    Test worker] .b.t.c.SpringBootTestContextBootstrapper : Loaded default TestExecutionListener class names from location [META-INF/spring.factories]: [org.springframework.security.test.context.support.WithSecurityContextTestExecutionListener, org.springframework.security.test.context.support.ReactorContextTestExecutionListener, org.springframework.boot.test.autoconfigure.restdocs.RestDocsTestExecutionListener, org.springframework.boot.test.autoconfigure.web.client.MockRestServiceServerResetTestExecutionListener, org.springframework.boot.test.autoconfigure.web.servlet.MockMvcPrintOnlyOnFailureTestExecutionListener, org.springframework.boot.test.autoconfigure.web.servlet.WebDriverTestExecutionListener, org.springframework.boot.test.autoconfigure.webservices.client.MockWebServiceServerTestExecutionListener, org.springframework.boot.test.mock.mockito.MockitoTestExecutionListener, org.springframework.boot.test.mock.mockito.ResetMocksTestExecutionListener, org.springframework.test.context.web.ServletTestExecutionListener, org.springframework.test.context.support.DirtiesContextBeforeModesTestExecutionListener, org.springframework.test.context.event.ApplicationEventsTestExecutionListener, org.springframework.test.context.support.DependencyInjectionTestExecutionListener, org.springframework.test.context.support.DirtiesContextTestExecutionListener, org.springframework.test.context.transaction.TransactionalTestExecutionListener, org.springframework.test.context.jdbc.SqlScriptsTestExecutionListener, org.springframework.test.context.event.EventPublishingTestExecutionListener]
2022-09-20 20:27:07.784  INFO 27721 --- [    Test worker] .b.t.c.SpringBootTestContextBootstrapper : Using TestExecutionListeners: [org.springframework.test.context.web.ServletTestExecutionListener@18a349cb, org.springframework.test.context.support.DirtiesContextBeforeModesTestExecutionListener@ea3491d, org.springframework.test.context.event.ApplicationEventsTestExecutionListener@6012bee8, org.springframework.boot.test.mock.mockito.MockitoTestExecutionListener@60b8c05c, org.springframework.boot.test.autoconfigure.SpringBootDependencyInjectionTestExecutionListener@62d72091, org.springframework.test.context.support.DirtiesContextTestExecutionListener@76a86677, org.springframework.test.context.transaction.TransactionalTestExecutionListener@3b863b4, org.springframework.test.context.jdbc.SqlScriptsTestExecutionListener@2524f9bf, org.springframework.security.test.context.support.WithSecurityContextTestExecutionListener@7e2c8622, org.springframework.test.context.event.EventPublishingTestExecutionListener@4b02dc4e, org.springframework.security.test.context.support.ReactorContextTestExecutionListener@b67b359, org.springframework.boot.test.autoconfigure.restdocs.RestDocsTestExecutionListener@98c4a8b, org.springframework.boot.test.autoconfigure.web.client.MockRestServiceServerResetTestExecutionListener@130bd00e, org.springframework.boot.test.autoconfigure.web.servlet.MockMvcPrintOnlyOnFailureTestExecutionListener@4eb69e8d, org.springframework.boot.test.autoconfigure.web.servlet.WebDriverTestExecutionListener@78fd1179, org.springframework.boot.test.autoconfigure.webservices.client.MockWebServiceServerTestExecutionListener@13cec4ff, org.springframework.boot.test.mock.mockito.ResetMocksTestExecutionListener@5e08ed28]
Hibernate: insert into users (created_date, modified_date, email, role, sign_up_date) values (?, ?, ?, ?, ?)
Hibernate: select users0_.id as id1_2_, users0_.created_date as created_2_2_, users0_.modified_date as modified3_2_, users0_.email as email4_2_, users0_.role as role5_2_, users0_.sign_up_date as sign_up_6_2_ from users users0_
Hibernate: insert into users (created_date, modified_date, email, role, sign_up_date) values (?, ?, ?, ?, ?)
Hibernate: select users0_.id as id1_2_, users0_.created_date as created_2_2_, users0_.modified_date as modified3_2_, users0_.email as email4_2_, users0_.role as role5_2_, users0_.sign_up_date as sign_up_6_2_ from users users0_
>>>>>>>> createdDate=2022-09-20T20:27:07.795199, modifiedDate=2022-09-20T20:27:07.795199
Hibernate: select users0_.id as id1_2_, users0_.created_date as created_2_2_, users0_.modified_date as modified3_2_, users0_.email as email4_2_, users0_.role as role5_2_, users0_.sign_up_date as sign_up_6_2_ from users users0_
Hibernate: delete from users where id=?
Hibernate: delete from users where id=?
]]></system-out>
  <system-err><![CDATA[]]></system-err>
</testsuite>
