<?xml version="1.0" encoding="UTF-8"?>
<testsuite name="com.hyhr.hr_proj.domain.receipts.ReceiptsRepositoryTest" tests="2" skipped="0" failures="0" errors="0" timestamp="2022-09-20T11:27:07" hostname="songjaeheon-ThinkPad-E14-Gen-3" time="0.277">
  <properties/>
  <testcase name="receiptsSaveAndLoad()" classname="com.hyhr.hr_proj.domain.receipts.ReceiptsRepositoryTest" time="0.258"/>
  <testcase name="BaseTimeEntityEnrollment()" classname="com.hyhr.hr_proj.domain.receipts.ReceiptsRepositoryTest" time="0.018"/>
  <system-out><![CDATA[2022-09-20 20:27:07.452  INFO 27721 --- [    Test worker] .b.t.c.SpringBootTestContextBootstrapper : Neither @ContextConfiguration nor @ContextHierarchy found for test class [com.hyhr.hr_proj.domain.receipts.ReceiptsRepositoryTest], using SpringBootContextLoader
2022-09-20 20:27:07.453  INFO 27721 --- [    Test worker] o.s.t.c.support.AbstractContextLoader    : Could not detect default resource locations for test class [com.hyhr.hr_proj.domain.receipts.ReceiptsRepositoryTest]: no resource found for suffixes {-context.xml, Context.groovy}.
2022-09-20 20:27:07.453  INFO 27721 --- [    Test worker] t.c.s.AnnotationConfigContextLoaderUtils : Could not detect default configuration classes for test class [com.hyhr.hr_proj.domain.receipts.ReceiptsRepositoryTest]: ReceiptsRepositoryTest does not declare any static, non-private, non-final, nested classes annotated with @Configuration.
2022-09-20 20:27:07.460  INFO 27721 --- [    Test worker] .b.t.c.SpringBootTestContextBootstrapper : Found @SpringBootConfiguration com.hyhr.hr_proj.HrProjApplication for test class com.hyhr.hr_proj.domain.receipts.ReceiptsRepositoryTest
2022-09-20 20:27:07.464  INFO 27721 --- [    Test worker] .b.t.c.SpringBootTestContextBootstrapper : Loaded default TestExecutionListener class names from location [META-INF/spring.factories]: [org.springframework.security.test.context.support.WithSecurityContextTestExecutionListener, org.springframework.security.test.context.support.ReactorContextTestExecutionListener, org.springframework.boot.test.autoconfigure.restdocs.RestDocsTestExecutionListener, org.springframework.boot.test.autoconfigure.web.client.MockRestServiceServerResetTestExecutionListener, org.springframework.boot.test.autoconfigure.web.servlet.MockMvcPrintOnlyOnFailureTestExecutionListener, org.springframework.boot.test.autoconfigure.web.servlet.WebDriverTestExecutionListener, org.springframework.boot.test.autoconfigure.webservices.client.MockWebServiceServerTestExecutionListener, org.springframework.boot.test.mock.mockito.MockitoTestExecutionListener, org.springframework.boot.test.mock.mockito.ResetMocksTestExecutionListener, org.springframework.test.context.web.ServletTestExecutionListener, org.springframework.test.context.support.DirtiesContextBeforeModesTestExecutionListener, org.springframework.test.context.event.ApplicationEventsTestExecutionListener, org.springframework.test.context.support.DependencyInjectionTestExecutionListener, org.springframework.test.context.support.DirtiesContextTestExecutionListener, org.springframework.test.context.transaction.TransactionalTestExecutionListener, org.springframework.test.context.jdbc.SqlScriptsTestExecutionListener, org.springframework.test.context.event.EventPublishingTestExecutionListener]
2022-09-20 20:27:07.465  INFO 27721 --- [    Test worker] .b.t.c.SpringBootTestContextBootstrapper : Using TestExecutionListeners: [org.springframework.test.context.web.ServletTestExecutionListener@27ada0e8, org.springframework.test.context.support.DirtiesContextBeforeModesTestExecutionListener@62fa4a88, org.springframework.test.context.event.ApplicationEventsTestExecutionListener@4b6942a0, org.springframework.boot.test.mock.mockito.MockitoTestExecutionListener@64641998, org.springframework.boot.test.autoconfigure.SpringBootDependencyInjectionTestExecutionListener@2e845f1c, org.springframework.test.context.support.DirtiesContextTestExecutionListener@1e9afe4e, org.springframework.test.context.transaction.TransactionalTestExecutionListener@1f67d37f, org.springframework.test.context.jdbc.SqlScriptsTestExecutionListener@5b8ba1d2, org.springframework.security.test.context.support.WithSecurityContextTestExecutionListener@57fb6900, org.springframework.test.context.event.EventPublishingTestExecutionListener@1eda853f, org.springframework.security.test.context.support.ReactorContextTestExecutionListener@3f0751b0, org.springframework.boot.test.autoconfigure.restdocs.RestDocsTestExecutionListener@3984e2b3, org.springframework.boot.test.autoconfigure.web.client.MockRestServiceServerResetTestExecutionListener@35bb3fea, org.springframework.boot.test.autoconfigure.web.servlet.MockMvcPrintOnlyOnFailureTestExecutionListener@7f82a71f, org.springframework.boot.test.autoconfigure.web.servlet.WebDriverTestExecutionListener@7a0df38e, org.springframework.boot.test.autoconfigure.webservices.client.MockWebServiceServerTestExecutionListener@64821706, org.springframework.boot.test.mock.mockito.ResetMocksTestExecutionListener@8aa3013]
Hibernate: insert into receipts (created_date, modified_date, title, uploader) values (?, ?, ?, ?)
Hibernate: select receipts0_.id as id1_1_, receipts0_.created_date as created_2_1_, receipts0_.modified_date as modified3_1_, receipts0_.title as title4_1_, receipts0_.uploader as uploader5_1_ from receipts receipts0_
Hibernate: insert into receipts (created_date, modified_date, title, uploader) values (?, ?, ?, ?)
Hibernate: select receipts0_.id as id1_1_, receipts0_.created_date as created_2_1_, receipts0_.modified_date as modified3_1_, receipts0_.title as title4_1_, receipts0_.uploader as uploader5_1_ from receipts receipts0_
>>>>>>>> createdDate=2022-09-20T20:27:07.507869, modifiedDate=2022-09-20T20:27:07.507869
Hibernate: select receipts0_.id as id1_1_, receipts0_.created_date as created_2_1_, receipts0_.modified_date as modified3_1_, receipts0_.title as title4_1_, receipts0_.uploader as uploader5_1_ from receipts receipts0_
Hibernate: delete from receipts where id=?
Hibernate: delete from receipts where id=?
]]></system-out>
  <system-err><![CDATA[]]></system-err>
</testsuite>
