<?xml version="1.0" encoding="UTF-8"?>
<testsuite name="com.hyhr.hr_proj.HrProjApplicationTests" tests="1" skipped="0" failures="0" errors="0" timestamp="2022-09-20T11:27:07" hostname="songjaeheon-ThinkPad-E14-Gen-3" time="0.161">
  <properties/>
  <testcase name="contextLoads()" classname="com.hyhr.hr_proj.HrProjApplicationTests" time="0.161"/>
  <system-out><![CDATA[20:27:02.696 [Test worker] DEBUG org.springframework.test.context.BootstrapUtils - Instantiating CacheAwareContextLoaderDelegate from class [org.springframework.test.context.cache.DefaultCacheAwareContextLoaderDelegate]
20:27:02.708 [Test worker] DEBUG org.springframework.test.context.BootstrapUtils - Instantiating BootstrapContext using constructor [public org.springframework.test.context.support.DefaultBootstrapContext(java.lang.Class,org.springframework.test.context.CacheAwareContextLoaderDelegate)]
20:27:02.768 [Test worker] DEBUG org.springframework.test.context.BootstrapUtils - Instantiating TestContextBootstrapper for test class [com.hyhr.hr_proj.HrProjApplicationTests] from class [org.springframework.boot.test.context.SpringBootTestContextBootstrapper]
20:27:02.783 [Test worker] INFO org.springframework.boot.test.context.SpringBootTestContextBootstrapper - Neither @ContextConfiguration nor @ContextHierarchy found for test class [com.hyhr.hr_proj.HrProjApplicationTests], using SpringBootContextLoader
20:27:02.789 [Test worker] DEBUG org.springframework.test.context.support.AbstractContextLoader - Did not detect default resource location for test class [com.hyhr.hr_proj.HrProjApplicationTests]: class path resource [com/hyhr/hr_proj/HrProjApplicationTests-context.xml] does not exist
20:27:02.789 [Test worker] DEBUG org.springframework.test.context.support.AbstractContextLoader - Did not detect default resource location for test class [com.hyhr.hr_proj.HrProjApplicationTests]: class path resource [com/hyhr/hr_proj/HrProjApplicationTestsContext.groovy] does not exist
20:27:02.790 [Test worker] INFO org.springframework.test.context.support.AbstractContextLoader - Could not detect default resource locations for test class [com.hyhr.hr_proj.HrProjApplicationTests]: no resource found for suffixes {-context.xml, Context.groovy}.
20:27:02.791 [Test worker] INFO org.springframework.test.context.support.AnnotationConfigContextLoaderUtils - Could not detect default configuration classes for test class [com.hyhr.hr_proj.HrProjApplicationTests]: HrProjApplicationTests does not declare any static, non-private, non-final, nested classes annotated with @Configuration.
20:27:02.851 [Test worker] DEBUG org.springframework.test.context.support.ActiveProfilesUtils - Could not find an 'annotation declaring class' for annotation type [org.springframework.test.context.ActiveProfiles] and class [com.hyhr.hr_proj.HrProjApplicationTests]
20:27:02.913 [Test worker] DEBUG org.springframework.context.annotation.ClassPathScanningCandidateComponentProvider - Identified candidate component class: file [/home/songjaeheon/play/hyu_hr/HYU_HR_Management/hr_proj/build/classes/java/main/com/hyhr/hr_proj/HrProjApplication.class]
20:27:02.925 [Test worker] INFO org.springframework.boot.test.context.SpringBootTestContextBootstrapper - Found @SpringBootConfiguration com.hyhr.hr_proj.HrProjApplication for test class com.hyhr.hr_proj.HrProjApplicationTests
20:27:03.000 [Test worker] DEBUG org.springframework.boot.test.context.SpringBootTestContextBootstrapper - @TestExecutionListeners is not present for class [com.hyhr.hr_proj.HrProjApplicationTests]: using defaults.
20:27:03.001 [Test worker] INFO org.springframework.boot.test.context.SpringBootTestContextBootstrapper - Loaded default TestExecutionListener class names from location [META-INF/spring.factories]: [org.springframework.security.test.context.support.WithSecurityContextTestExecutionListener, org.springframework.security.test.context.support.ReactorContextTestExecutionListener, org.springframework.boot.test.autoconfigure.restdocs.RestDocsTestExecutionListener, org.springframework.boot.test.autoconfigure.web.client.MockRestServiceServerResetTestExecutionListener, org.springframework.boot.test.autoconfigure.web.servlet.MockMvcPrintOnlyOnFailureTestExecutionListener, org.springframework.boot.test.autoconfigure.web.servlet.WebDriverTestExecutionListener, org.springframework.boot.test.autoconfigure.webservices.client.MockWebServiceServerTestExecutionListener, org.springframework.boot.test.mock.mockito.MockitoTestExecutionListener, org.springframework.boot.test.mock.mockito.ResetMocksTestExecutionListener, org.springframework.test.context.web.ServletTestExecutionListener, org.springframework.test.context.support.DirtiesContextBeforeModesTestExecutionListener, org.springframework.test.context.event.ApplicationEventsTestExecutionListener, org.springframework.test.context.support.DependencyInjectionTestExecutionListener, org.springframework.test.context.support.DirtiesContextTestExecutionListener, org.springframework.test.context.transaction.TransactionalTestExecutionListener, org.springframework.test.context.jdbc.SqlScriptsTestExecutionListener, org.springframework.test.context.event.EventPublishingTestExecutionListener]
20:27:03.016 [Test worker] INFO org.springframework.boot.test.context.SpringBootTestContextBootstrapper - Using TestExecutionListeners: [org.springframework.test.context.web.ServletTestExecutionListener@1252b961, org.springframework.test.context.support.DirtiesContextBeforeModesTestExecutionListener@9ed238c, org.springframework.test.context.event.ApplicationEventsTestExecutionListener@56276db8, org.springframework.boot.test.mock.mockito.MockitoTestExecutionListener@51e8e6e6, org.springframework.boot.test.autoconfigure.SpringBootDependencyInjectionTestExecutionListener@56f6d40b, org.springframework.test.context.support.DirtiesContextTestExecutionListener@36676c1a, org.springframework.test.context.transaction.TransactionalTestExecutionListener@5b408dc3, org.springframework.test.context.jdbc.SqlScriptsTestExecutionListener@4d098f9b, org.springframework.security.test.context.support.WithSecurityContextTestExecutionListener@2dbf4cbd, org.springframework.test.context.event.EventPublishingTestExecutionListener@20b5f2ac, org.springframework.security.test.context.support.ReactorContextTestExecutionListener@7fc44dec, org.springframework.boot.test.autoconfigure.restdocs.RestDocsTestExecutionListener@7e3060d8, org.springframework.boot.test.autoconfigure.web.client.MockRestServiceServerResetTestExecutionListener@293d0107, org.springframework.boot.test.autoconfigure.web.servlet.MockMvcPrintOnlyOnFailureTestExecutionListener@2692b61e, org.springframework.boot.test.autoconfigure.web.servlet.WebDriverTestExecutionListener@7b64240d, org.springframework.boot.test.autoconfigure.webservices.client.MockWebServiceServerTestExecutionListener@62fad19, org.springframework.boot.test.mock.mockito.ResetMocksTestExecutionListener@47dbb1e2]
20:27:03.019 [Test worker] DEBUG org.springframework.test.context.support.AbstractDirtiesContextTestExecutionListener - Before test class: context [DefaultTestContext@6c8bca63 testClass = HrProjApplicationTests, testInstance = [null], testMethod = [null], testException = [null], mergedContextConfiguration = [WebMergedContextConfiguration@2364305a testClass = HrProjApplicationTests, locations = '{}', classes = '{class com.hyhr.hr_proj.HrProjApplication}', contextInitializerClasses = '[]', activeProfiles = '{}', propertySourceLocations = '{}', propertySourceProperties = '{org.springframework.boot.test.context.SpringBootTestContextBootstrapper=true}', contextCustomizers = set[org.springframework.boot.test.autoconfigure.actuate.metrics.MetricsExportContextCustomizerFactory$DisableMetricExportContextCustomizer@3daf7722, org.springframework.boot.test.autoconfigure.properties.PropertyMappingContextCustomizer@0, org.springframework.boot.test.autoconfigure.web.servlet.WebDriverContextCustomizerFactory$Customizer@a4add54, org.springframework.boot.test.context.filter.ExcludeFilterContextCustomizer@61fe30, org.springframework.boot.test.json.DuplicateJsonObjectContextCustomizerFactory$DuplicateJsonObjectContextCustomizer@7b420819, org.springframework.boot.test.mock.mockito.MockitoContextCustomizer@0, org.springframework.boot.test.web.client.TestRestTemplateContextCustomizer@54e7df6a, org.springframework.boot.test.context.SpringBootTestArgs@1, org.springframework.boot.test.context.SpringBootTestWebEnvironment@3af9c5b7], resourceBasePath = 'src/main/webapp', contextLoader = 'org.springframework.boot.test.context.SpringBootContextLoader', parent = [null]], attributes = map['org.springframework.test.context.web.ServletTestExecutionListener.activateListener' -> true]], class annotated with @DirtiesContext [false] with mode [null].

  .   ____          _            __ _ _
 /\\ / ___'_ __ _ _(_)_ __  __ _ \ \ \ \
( ( )\___ | '_ | '_| | '_ \/ _` | \ \ \ \
 \\/  ___)| |_)| | | | | || (_| |  ) ) ) )
  '  |____| .__|_| |_|_| |_\__, | / / / /
 =========|_|==============|___/=/_/_/_/
 :: Spring Boot ::                (v2.7.3)

2022-09-20 20:27:03.309  INFO 27721 --- [    Test worker] com.hyhr.hr_proj.HrProjApplicationTests  : Starting HrProjApplicationTests using Java 17.0.4 on songjaeheon-ThinkPad-E14-Gen-3 with PID 27721 (started by songjaeheon in /home/songjaeheon/play/hyu_hr/HYU_HR_Management/hr_proj)
2022-09-20 20:27:03.311  INFO 27721 --- [    Test worker] com.hyhr.hr_proj.HrProjApplicationTests  : No active profile set, falling back to 1 default profile: "default"
2022-09-20 20:27:04.084  INFO 27721 --- [    Test worker] .s.d.r.c.RepositoryConfigurationDelegate : Bootstrapping Spring Data JPA repositories in DEFAULT mode.
2022-09-20 20:27:04.142  INFO 27721 --- [    Test worker] .s.d.r.c.RepositoryConfigurationDelegate : Finished Spring Data repository scanning in 50 ms. Found 3 JPA repository interfaces.
2022-09-20 20:27:04.635  INFO 27721 --- [    Test worker] com.zaxxer.hikari.HikariDataSource       : HikariPool-1 - Starting...
2022-09-20 20:27:04.811  INFO 27721 --- [    Test worker] com.zaxxer.hikari.HikariDataSource       : HikariPool-1 - Start completed.
2022-09-20 20:27:05.022  INFO 27721 --- [    Test worker] o.hibernate.jpa.internal.util.LogHelper  : HHH000204: Processing PersistenceUnitInfo [name: default]
2022-09-20 20:27:05.083  INFO 27721 --- [    Test worker] org.hibernate.Version                    : HHH000412: Hibernate ORM core version 5.6.10.Final
2022-09-20 20:27:05.216  INFO 27721 --- [    Test worker] o.hibernate.annotations.common.Version   : HCANN000001: Hibernate Commons Annotations {5.1.2.Final}
2022-09-20 20:27:05.315  INFO 27721 --- [    Test worker] org.hibernate.dialect.Dialect            : HHH000400: Using dialect: org.hibernate.dialect.MySQL57Dialect
Hibernate: drop table if exists blacklist
Hibernate: drop table if exists receipts
Hibernate: drop table if exists users
Hibernate: create table blacklist (id bigint not null auto_increment, created_date datetime(6), modified_date datetime(6), explanation varchar(255) not null, name varchar(255) not null, primary key (id)) engine=InnoDB
Hibernate: create table receipts (id bigint not null auto_increment, created_date datetime(6), modified_date datetime(6), title varchar(255) not null, uploader varchar(255) not null, primary key (id)) engine=InnoDB
Hibernate: create table users (id bigint not null auto_increment, created_date datetime(6), modified_date datetime(6), email varchar(255) not null, role varchar(255) not null, sign_up_date date not null, primary key (id)) engine=InnoDB
2022-09-20 20:27:05.791  INFO 27721 --- [    Test worker] o.h.e.t.j.p.i.JtaPlatformInitiator       : HHH000490: Using JtaPlatform implementation: [org.hibernate.engine.transaction.jta.platform.internal.NoJtaPlatform]
2022-09-20 20:27:05.797  INFO 27721 --- [    Test worker] j.LocalContainerEntityManagerFactoryBean : Initialized JPA EntityManagerFactory for persistence unit 'default'
2022-09-20 20:27:06.492  INFO 27721 --- [    Test worker] o.s.s.web.DefaultSecurityFilterChain     : Will secure any request with [org.springframework.security.web.session.DisableEncodeUrlFilter@78a34c47, org.springframework.security.web.context.request.async.WebAsyncManagerIntegrationFilter@77648321, org.springframework.security.web.context.SecurityContextPersistenceFilter@3f838072, org.springframework.security.web.header.HeaderWriterFilter@394b9e22, org.springframework.security.web.authentication.logout.LogoutFilter@4e3d36c2, org.springframework.security.oauth2.client.web.OAuth2AuthorizationRequestRedirectFilter@5ca3acad, org.springframework.security.oauth2.client.web.OAuth2LoginAuthenticationFilter@5570dc21, org.springframework.security.web.authentication.ui.DefaultLoginPageGeneratingFilter@517d9cd5, org.springframework.security.web.authentication.ui.DefaultLogoutPageGeneratingFilter@43201f84, org.springframework.security.web.savedrequest.RequestCacheAwareFilter@19b3d3a4, org.springframework.security.web.servletapi.SecurityContextHolderAwareRequestFilter@3a9040f0, org.springframework.security.web.authentication.AnonymousAuthenticationFilter@2c51c756, org.springframework.security.web.session.SessionManagementFilter@f8fe81e, org.springframework.security.web.access.ExceptionTranslationFilter@55d8f6bb, org.springframework.security.web.access.intercept.FilterSecurityInterceptor@46051269]
2022-09-20 20:27:06.690  WARN 27721 --- [    Test worker] JpaBaseConfiguration$JpaWebConfiguration : spring.jpa.open-in-view is enabled by default. Therefore, database queries may be performed during view rendering. Explicitly configure spring.jpa.open-in-view to disable this warning
2022-09-20 20:27:06.920  INFO 27721 --- [    Test worker] o.s.b.a.h2.H2ConsoleAutoConfiguration    : H2 console available at '/h2-console'. Database available at 'jdbc:h2:mem://localhost/~/testdb'
2022-09-20 20:27:07.255  INFO 27721 --- [    Test worker] s.a.ScheduledAnnotationBeanPostProcessor : No TaskScheduler/ScheduledExecutorService bean found for scheduled processing
2022-09-20 20:27:07.262  INFO 27721 --- [    Test worker] com.hyhr.hr_proj.HrProjApplicationTests  : Started HrProjApplicationTests in 4.198 seconds (JVM running for 5.384)
]]></system-out>
  <system-err><![CDATA[]]></system-err>
</testsuite>
