<?xml version="1.0" encoding="UTF-8"?>
<testsuite name="com.hyhr.hr_proj.web.ReceiptsApiControllerTest" tests="2" skipped="0" failures="0" errors="0" timestamp="2022-09-20T08:43:25" hostname="songjaeheon-ThinkPad-E14-Gen-3" time="0.081">
  <properties/>
  <testcase name="receipts_edit()" classname="com.hyhr.hr_proj.web.ReceiptsApiControllerTest" time="0.049"/>
  <testcase name="receipts_save()" classname="com.hyhr.hr_proj.web.ReceiptsApiControllerTest" time="0.03"/>
  <system-out><![CDATA[2022-09-20 17:43:25.883  INFO 20613 --- [    Test worker] .b.t.c.SpringBootTestContextBootstrapper : Neither @ContextConfiguration nor @ContextHierarchy found for test class [com.hyhr.hr_proj.web.ReceiptsApiControllerTest], using SpringBootContextLoader
2022-09-20 17:43:25.884  INFO 20613 --- [    Test worker] o.s.t.c.support.AbstractContextLoader    : Could not detect default resource locations for test class [com.hyhr.hr_proj.web.ReceiptsApiControllerTest]: no resource found for suffixes {-context.xml, Context.groovy}.
2022-09-20 17:43:25.884  INFO 20613 --- [    Test worker] t.c.s.AnnotationConfigContextLoaderUtils : Could not detect default configuration classes for test class [com.hyhr.hr_proj.web.ReceiptsApiControllerTest]: ReceiptsApiControllerTest does not declare any static, non-private, non-final, nested classes annotated with @Configuration.
2022-09-20 17:43:25.887  INFO 20613 --- [    Test worker] .b.t.c.SpringBootTestContextBootstrapper : Found @SpringBootConfiguration com.hyhr.hr_proj.HrProjApplication for test class com.hyhr.hr_proj.web.ReceiptsApiControllerTest
2022-09-20 17:43:25.889  INFO 20613 --- [    Test worker] .b.t.c.SpringBootTestContextBootstrapper : Loaded default TestExecutionListener class names from location [META-INF/spring.factories]: [org.springframework.security.test.context.support.WithSecurityContextTestExecutionListener, org.springframework.security.test.context.support.ReactorContextTestExecutionListener, org.springframework.boot.test.autoconfigure.restdocs.RestDocsTestExecutionListener, org.springframework.boot.test.autoconfigure.web.client.MockRestServiceServerResetTestExecutionListener, org.springframework.boot.test.autoconfigure.web.servlet.MockMvcPrintOnlyOnFailureTestExecutionListener, org.springframework.boot.test.autoconfigure.web.servlet.WebDriverTestExecutionListener, org.springframework.boot.test.autoconfigure.webservices.client.MockWebServiceServerTestExecutionListener, org.springframework.boot.test.mock.mockito.MockitoTestExecutionListener, org.springframework.boot.test.mock.mockito.ResetMocksTestExecutionListener, org.springframework.test.context.web.ServletTestExecutionListener, org.springframework.test.context.support.DirtiesContextBeforeModesTestExecutionListener, org.springframework.test.context.event.ApplicationEventsTestExecutionListener, org.springframework.test.context.support.DependencyInjectionTestExecutionListener, org.springframework.test.context.support.DirtiesContextTestExecutionListener, org.springframework.test.context.transaction.TransactionalTestExecutionListener, org.springframework.test.context.jdbc.SqlScriptsTestExecutionListener, org.springframework.test.context.event.EventPublishingTestExecutionListener]
2022-09-20 17:43:25.890  INFO 20613 --- [    Test worker] .b.t.c.SpringBootTestContextBootstrapper : Using TestExecutionListeners: [org.springframework.test.context.web.ServletTestExecutionListener@23471f48, org.springframework.test.context.support.DirtiesContextBeforeModesTestExecutionListener@2898cd46, org.springframework.test.context.event.ApplicationEventsTestExecutionListener@7ebf5bf, org.springframework.boot.test.mock.mockito.MockitoTestExecutionListener@5d8cbb32, org.springframework.boot.test.autoconfigure.SpringBootDependencyInjectionTestExecutionListener@46aa5294, org.springframework.test.context.support.DirtiesContextTestExecutionListener@283645fa, org.springframework.test.context.transaction.TransactionalTestExecutionListener@70a81b4e, org.springframework.test.context.jdbc.SqlScriptsTestExecutionListener@48c56b42, org.springframework.security.test.context.support.WithSecurityContextTestExecutionListener@5c6fae3c, org.springframework.test.context.event.EventPublishingTestExecutionListener@466c39de, org.springframework.security.test.context.support.ReactorContextTestExecutionListener@762e3836, org.springframework.boot.test.autoconfigure.restdocs.RestDocsTestExecutionListener@15d2c2ca, org.springframework.boot.test.autoconfigure.web.client.MockRestServiceServerResetTestExecutionListener@346d8002, org.springframework.boot.test.autoconfigure.web.servlet.MockMvcPrintOnlyOnFailureTestExecutionListener@1368ed98, org.springframework.boot.test.autoconfigure.web.servlet.WebDriverTestExecutionListener@1400984b, org.springframework.boot.test.autoconfigure.webservices.client.MockWebServiceServerTestExecutionListener@17c7cc93, org.springframework.boot.test.mock.mockito.ResetMocksTestExecutionListener@4ff233f9]
2022-09-20 17:43:25.900  INFO 20613 --- [    Test worker] o.a.c.c.C.[Tomcat].[localhost].[/]       : Initializing Spring TestDispatcherServlet ''
2022-09-20 17:43:25.900  INFO 20613 --- [    Test worker] o.s.t.web.servlet.TestDispatcherServlet  : Initializing Servlet ''
2022-09-20 17:43:25.901  INFO 20613 --- [    Test worker] o.s.t.web.servlet.TestDispatcherServlet  : Completed initialization in 1 ms
Hibernate: insert into receipts (created_date, modified_date, title, uploader) values (?, ?, ?, ?)
Hibernate: select receipts0_.id as id1_1_0_, receipts0_.created_date as created_2_1_0_, receipts0_.modified_date as modified3_1_0_, receipts0_.title as title4_1_0_, receipts0_.uploader as uploader5_1_0_ from receipts receipts0_ where receipts0_.id=?
Hibernate: update receipts set created_date=?, modified_date=?, title=?, uploader=? where id=?
Hibernate: select receipts0_.id as id1_1_, receipts0_.created_date as created_2_1_, receipts0_.modified_date as modified3_1_, receipts0_.title as title4_1_, receipts0_.uploader as uploader5_1_ from receipts receipts0_
Hibernate: select receipts0_.id as id1_1_, receipts0_.created_date as created_2_1_, receipts0_.modified_date as modified3_1_, receipts0_.title as title4_1_, receipts0_.uploader as uploader5_1_ from receipts receipts0_
Hibernate: delete from receipts where id=?
2022-09-20 17:43:25.955  INFO 20613 --- [    Test worker] o.a.c.c.C.[Tomcat].[localhost].[/]       : Initializing Spring TestDispatcherServlet ''
2022-09-20 17:43:25.955  INFO 20613 --- [    Test worker] o.s.t.web.servlet.TestDispatcherServlet  : Initializing Servlet ''
2022-09-20 17:43:25.956  INFO 20613 --- [    Test worker] o.s.t.web.servlet.TestDispatcherServlet  : Completed initialization in 1 ms
Hibernate: insert into receipts (created_date, modified_date, title, uploader) values (?, ?, ?, ?)
Hibernate: select receipts0_.id as id1_1_, receipts0_.created_date as created_2_1_, receipts0_.modified_date as modified3_1_, receipts0_.title as title4_1_, receipts0_.uploader as uploader5_1_ from receipts receipts0_
Hibernate: select receipts0_.id as id1_1_, receipts0_.created_date as created_2_1_, receipts0_.modified_date as modified3_1_, receipts0_.title as title4_1_, receipts0_.uploader as uploader5_1_ from receipts receipts0_
Hibernate: delete from receipts where id=?
]]></system-out>
  <system-err><![CDATA[]]></system-err>
</testsuite>
