<?xml version="1.0" encoding="UTF-8"?>
<testsuite name="com.hyhr.hr_proj.web.UsersApiControllerTest" tests="2" skipped="0" failures="0" errors="0" timestamp="2022-09-20T08:43:26" hostname="songjaeheon-ThinkPad-E14-Gen-3" time="0.087">
  <properties/>
  <testcase name="users_edit()" classname="com.hyhr.hr_proj.web.UsersApiControllerTest" time="0.065"/>
  <testcase name="users_save()" classname="com.hyhr.hr_proj.web.UsersApiControllerTest" time="0.02"/>
  <system-out><![CDATA[2022-09-20 17:43:25.983  INFO 20613 --- [    Test worker] .b.t.c.SpringBootTestContextBootstrapper : Neither @ContextConfiguration nor @ContextHierarchy found for test class [com.hyhr.hr_proj.web.UsersApiControllerTest], using SpringBootContextLoader
2022-09-20 17:43:25.984  INFO 20613 --- [    Test worker] o.s.t.c.support.AbstractContextLoader    : Could not detect default resource locations for test class [com.hyhr.hr_proj.web.UsersApiControllerTest]: no resource found for suffixes {-context.xml, Context.groovy}.
2022-09-20 17:43:25.985  INFO 20613 --- [    Test worker] t.c.s.AnnotationConfigContextLoaderUtils : Could not detect default configuration classes for test class [com.hyhr.hr_proj.web.UsersApiControllerTest]: UsersApiControllerTest does not declare any static, non-private, non-final, nested classes annotated with @Configuration.
2022-09-20 17:43:25.986  INFO 20613 --- [    Test worker] .b.t.c.SpringBootTestContextBootstrapper : Found @SpringBootConfiguration com.hyhr.hr_proj.HrProjApplication for test class com.hyhr.hr_proj.web.UsersApiControllerTest
2022-09-20 17:43:25.989  INFO 20613 --- [    Test worker] .b.t.c.SpringBootTestContextBootstrapper : Loaded default TestExecutionListener class names from location [META-INF/spring.factories]: [org.springframework.security.test.context.support.WithSecurityContextTestExecutionListener, org.springframework.security.test.context.support.ReactorContextTestExecutionListener, org.springframework.boot.test.autoconfigure.restdocs.RestDocsTestExecutionListener, org.springframework.boot.test.autoconfigure.web.client.MockRestServiceServerResetTestExecutionListener, org.springframework.boot.test.autoconfigure.web.servlet.MockMvcPrintOnlyOnFailureTestExecutionListener, org.springframework.boot.test.autoconfigure.web.servlet.WebDriverTestExecutionListener, org.springframework.boot.test.autoconfigure.webservices.client.MockWebServiceServerTestExecutionListener, org.springframework.boot.test.mock.mockito.MockitoTestExecutionListener, org.springframework.boot.test.mock.mockito.ResetMocksTestExecutionListener, org.springframework.test.context.web.ServletTestExecutionListener, org.springframework.test.context.support.DirtiesContextBeforeModesTestExecutionListener, org.springframework.test.context.event.ApplicationEventsTestExecutionListener, org.springframework.test.context.support.DependencyInjectionTestExecutionListener, org.springframework.test.context.support.DirtiesContextTestExecutionListener, org.springframework.test.context.transaction.TransactionalTestExecutionListener, org.springframework.test.context.jdbc.SqlScriptsTestExecutionListener, org.springframework.test.context.event.EventPublishingTestExecutionListener]
2022-09-20 17:43:25.997  INFO 20613 --- [    Test worker] .b.t.c.SpringBootTestContextBootstrapper : Using TestExecutionListeners: [org.springframework.test.context.web.ServletTestExecutionListener@1639ec7a, org.springframework.test.context.support.DirtiesContextBeforeModesTestExecutionListener@1928208d, org.springframework.test.context.event.ApplicationEventsTestExecutionListener@62099f75, org.springframework.boot.test.mock.mockito.MockitoTestExecutionListener@132f1d85, org.springframework.boot.test.autoconfigure.SpringBootDependencyInjectionTestExecutionListener@4a2c69a6, org.springframework.test.context.support.DirtiesContextTestExecutionListener@12581426, org.springframework.test.context.transaction.TransactionalTestExecutionListener@3c84c32f, org.springframework.test.context.jdbc.SqlScriptsTestExecutionListener@57ac220f, org.springframework.security.test.context.support.WithSecurityContextTestExecutionListener@7e641005, org.springframework.test.context.event.EventPublishingTestExecutionListener@2ccfd2cb, org.springframework.security.test.context.support.ReactorContextTestExecutionListener@36c8e1c6, org.springframework.boot.test.autoconfigure.restdocs.RestDocsTestExecutionListener@42014a, org.springframework.boot.test.autoconfigure.web.client.MockRestServiceServerResetTestExecutionListener@5e78dd7f, org.springframework.boot.test.autoconfigure.web.servlet.MockMvcPrintOnlyOnFailureTestExecutionListener@cf315f1, org.springframework.boot.test.autoconfigure.web.servlet.WebDriverTestExecutionListener@7d440378, org.springframework.boot.test.autoconfigure.webservices.client.MockWebServiceServerTestExecutionListener@6d1c15cb, org.springframework.boot.test.mock.mockito.ResetMocksTestExecutionListener@7597ae32]
2022-09-20 17:43:26.009  INFO 20613 --- [    Test worker] o.a.c.c.C.[Tomcat].[localhost].[/]       : Initializing Spring TestDispatcherServlet ''
2022-09-20 17:43:26.010  INFO 20613 --- [    Test worker] o.s.t.web.servlet.TestDispatcherServlet  : Initializing Servlet ''
2022-09-20 17:43:26.013  INFO 20613 --- [    Test worker] o.s.t.web.servlet.TestDispatcherServlet  : Completed initialization in 3 ms
Hibernate: insert into users (created_date, modified_date, email, role, sign_up_date) values (?, ?, ?, ?, ?)
Hibernate: select users0_.id as id1_2_0_, users0_.created_date as created_2_2_0_, users0_.modified_date as modified3_2_0_, users0_.email as email4_2_0_, users0_.role as role5_2_0_, users0_.sign_up_date as sign_up_6_2_0_ from users users0_ where users0_.id=?
Hibernate: update users set created_date=?, modified_date=?, email=?, role=?, sign_up_date=? where id=?
Hibernate: select users0_.id as id1_2_, users0_.created_date as created_2_2_, users0_.modified_date as modified3_2_, users0_.email as email4_2_, users0_.role as role5_2_, users0_.sign_up_date as sign_up_6_2_ from users users0_
Hibernate: select users0_.id as id1_2_, users0_.created_date as created_2_2_, users0_.modified_date as modified3_2_, users0_.email as email4_2_, users0_.role as role5_2_, users0_.sign_up_date as sign_up_6_2_ from users users0_
Hibernate: delete from users where id=?
2022-09-20 17:43:26.073  INFO 20613 --- [    Test worker] o.a.c.c.C.[Tomcat].[localhost].[/]       : Initializing Spring TestDispatcherServlet ''
2022-09-20 17:43:26.074  INFO 20613 --- [    Test worker] o.s.t.web.servlet.TestDispatcherServlet  : Initializing Servlet ''
2022-09-20 17:43:26.074  INFO 20613 --- [    Test worker] o.s.t.web.servlet.TestDispatcherServlet  : Completed initialization in 0 ms
Hibernate: insert into users (created_date, modified_date, email, role, sign_up_date) values (?, ?, ?, ?, ?)
Hibernate: select users0_.id as id1_2_, users0_.created_date as created_2_2_, users0_.modified_date as modified3_2_, users0_.email as email4_2_, users0_.role as role5_2_, users0_.sign_up_date as sign_up_6_2_ from users users0_
Hibernate: select users0_.id as id1_2_, users0_.created_date as created_2_2_, users0_.modified_date as modified3_2_, users0_.email as email4_2_, users0_.role as role5_2_, users0_.sign_up_date as sign_up_6_2_ from users users0_
Hibernate: delete from users where id=?
]]></system-out>
  <system-err><![CDATA[]]></system-err>
</testsuite>
