<?xml version="1.0" encoding="UTF-8"?>
<testsuite name="com.hyhr.hr_proj.web.BlacklistApiControllerTest" tests="1" skipped="0" failures="0" errors="0" timestamp="2022-09-20T08:43:25" hostname="songjaeheon-ThinkPad-E14-Gen-3" time="0.606">
  <properties/>
  <testcase name="blacklist_save_and_search()" classname="com.hyhr.hr_proj.web.BlacklistApiControllerTest" time="0.606"/>
  <system-out><![CDATA[17:43:20.297 [Test worker] DEBUG org.springframework.test.context.BootstrapUtils - Instantiating CacheAwareContextLoaderDelegate from class [org.springframework.test.context.cache.DefaultCacheAwareContextLoaderDelegate]
17:43:20.309 [Test worker] DEBUG org.springframework.test.context.BootstrapUtils - Instantiating BootstrapContext using constructor [public org.springframework.test.context.support.DefaultBootstrapContext(java.lang.Class,org.springframework.test.context.CacheAwareContextLoaderDelegate)]
17:43:20.346 [Test worker] DEBUG org.springframework.test.context.BootstrapUtils - Instantiating TestContextBootstrapper for test class [com.hyhr.hr_proj.web.BlacklistApiControllerTest] from class [org.springframework.boot.test.context.SpringBootTestContextBootstrapper]
17:43:20.355 [Test worker] INFO org.springframework.boot.test.context.SpringBootTestContextBootstrapper - Neither @ContextConfiguration nor @ContextHierarchy found for test class [com.hyhr.hr_proj.web.BlacklistApiControllerTest], using SpringBootContextLoader
17:43:20.359 [Test worker] DEBUG org.springframework.test.context.support.AbstractContextLoader - Did not detect default resource location for test class [com.hyhr.hr_proj.web.BlacklistApiControllerTest]: class path resource [com/hyhr/hr_proj/web/BlacklistApiControllerTest-context.xml] does not exist
17:43:20.359 [Test worker] DEBUG org.springframework.test.context.support.AbstractContextLoader - Did not detect default resource location for test class [com.hyhr.hr_proj.web.BlacklistApiControllerTest]: class path resource [com/hyhr/hr_proj/web/BlacklistApiControllerTestContext.groovy] does not exist
17:43:20.359 [Test worker] INFO org.springframework.test.context.support.AbstractContextLoader - Could not detect default resource locations for test class [com.hyhr.hr_proj.web.BlacklistApiControllerTest]: no resource found for suffixes {-context.xml, Context.groovy}.
17:43:20.360 [Test worker] INFO org.springframework.test.context.support.AnnotationConfigContextLoaderUtils - Could not detect default configuration classes for test class [com.hyhr.hr_proj.web.BlacklistApiControllerTest]: BlacklistApiControllerTest does not declare any static, non-private, non-final, nested classes annotated with @Configuration.
17:43:20.407 [Test worker] DEBUG org.springframework.test.context.support.ActiveProfilesUtils - Could not find an 'annotation declaring class' for annotation type [org.springframework.test.context.ActiveProfiles] and class [com.hyhr.hr_proj.web.BlacklistApiControllerTest]
17:43:20.487 [Test worker] DEBUG org.springframework.context.annotation.ClassPathScanningCandidateComponentProvider - Identified candidate component class: file [/home/songjaeheon/play/hyu_hr/HYU_HR_Management/hr_proj/build/classes/java/main/com/hyhr/hr_proj/HrProjApplication.class]
17:43:20.489 [Test worker] INFO org.springframework.boot.test.context.SpringBootTestContextBootstrapper - Found @SpringBootConfiguration com.hyhr.hr_proj.HrProjApplication for test class com.hyhr.hr_proj.web.BlacklistApiControllerTest
17:43:20.565 [Test worker] DEBUG org.springframework.boot.test.context.SpringBootTestContextBootstrapper - @TestExecutionListeners is not present for class [com.hyhr.hr_proj.web.BlacklistApiControllerTest]: using defaults.
17:43:20.566 [Test worker] INFO org.springframework.boot.test.context.SpringBootTestContextBootstrapper - Loaded default TestExecutionListener class names from location [META-INF/spring.factories]: [org.springframework.security.test.context.support.WithSecurityContextTestExecutionListener, org.springframework.security.test.context.support.ReactorContextTestExecutionListener, org.springframework.boot.test.autoconfigure.restdocs.RestDocsTestExecutionListener, org.springframework.boot.test.autoconfigure.web.client.MockRestServiceServerResetTestExecutionListener, org.springframework.boot.test.autoconfigure.web.servlet.MockMvcPrintOnlyOnFailureTestExecutionListener, org.springframework.boot.test.autoconfigure.web.servlet.WebDriverTestExecutionListener, org.springframework.boot.test.autoconfigure.webservices.client.MockWebServiceServerTestExecutionListener, org.springframework.boot.test.mock.mockito.MockitoTestExecutionListener, org.springframework.boot.test.mock.mockito.ResetMocksTestExecutionListener, org.springframework.test.context.web.ServletTestExecutionListener, org.springframework.test.context.support.DirtiesContextBeforeModesTestExecutionListener, org.springframework.test.context.event.ApplicationEventsTestExecutionListener, org.springframework.test.context.support.DependencyInjectionTestExecutionListener, org.springframework.test.context.support.DirtiesContextTestExecutionListener, org.springframework.test.context.transaction.TransactionalTestExecutionListener, org.springframework.test.context.jdbc.SqlScriptsTestExecutionListener, org.springframework.test.context.event.EventPublishingTestExecutionListener]
17:43:20.589 [Test worker] INFO org.springframework.boot.test.context.SpringBootTestContextBootstrapper - Using TestExecutionListeners: [org.springframework.test.context.web.ServletTestExecutionListener@50eca7c6, org.springframework.test.context.support.DirtiesContextBeforeModesTestExecutionListener@58e6d4b8, org.springframework.test.context.event.ApplicationEventsTestExecutionListener@1de5f0ef, org.springframework.boot.test.mock.mockito.MockitoTestExecutionListener@376a312c, org.springframework.boot.test.autoconfigure.SpringBootDependencyInjectionTestExecutionListener@28d6290, org.springframework.test.context.support.DirtiesContextTestExecutionListener@6ca0256d, org.springframework.test.context.transaction.TransactionalTestExecutionListener@5ef0d29e, org.springframework.test.context.jdbc.SqlScriptsTestExecutionListener@38f57b3d, org.springframework.security.test.context.support.WithSecurityContextTestExecutionListener@51850751, org.springframework.test.context.event.EventPublishingTestExecutionListener@3ce3db41, org.springframework.security.test.context.support.ReactorContextTestExecutionListener@64df9a61, org.springframework.boot.test.autoconfigure.restdocs.RestDocsTestExecutionListener@77602954, org.springframework.boot.test.autoconfigure.web.client.MockRestServiceServerResetTestExecutionListener@e260766, org.springframework.boot.test.autoconfigure.web.servlet.MockMvcPrintOnlyOnFailureTestExecutionListener@2c3dec30, org.springframework.boot.test.autoconfigure.web.servlet.WebDriverTestExecutionListener@34a97744, org.springframework.boot.test.autoconfigure.webservices.client.MockWebServiceServerTestExecutionListener@4275c20c, org.springframework.boot.test.mock.mockito.ResetMocksTestExecutionListener@7c56e013]
17:43:20.592 [Test worker] DEBUG org.springframework.test.context.support.AbstractDirtiesContextTestExecutionListener - Before test class: context [DefaultTestContext@2c7d121c testClass = BlacklistApiControllerTest, testInstance = [null], testMethod = [null], testException = [null], mergedContextConfiguration = [WebMergedContextConfiguration@65aa6596 testClass = BlacklistApiControllerTest, locations = '{}', classes = '{class com.hyhr.hr_proj.HrProjApplication}', contextInitializerClasses = '[]', activeProfiles = '{}', propertySourceLocations = '{}', propertySourceProperties = '{org.springframework.boot.test.context.SpringBootTestContextBootstrapper=true, server.port=0}', contextCustomizers = set[org.springframework.boot.test.autoconfigure.actuate.metrics.MetricsExportContextCustomizerFactory$DisableMetricExportContextCustomizer@a4add54, org.springframework.boot.test.autoconfigure.properties.PropertyMappingContextCustomizer@0, org.springframework.boot.test.autoconfigure.web.servlet.WebDriverContextCustomizerFactory$Customizer@39de3d36, org.springframework.boot.test.context.filter.ExcludeFilterContextCustomizer@58326051, org.springframework.boot.test.json.DuplicateJsonObjectContextCustomizerFactory$DuplicateJsonObjectContextCustomizer@598bd2ba, org.springframework.boot.test.mock.mockito.MockitoContextCustomizer@0, org.springframework.boot.test.web.client.TestRestTemplateContextCustomizer@7331196b, org.springframework.boot.test.context.SpringBootTestArgs@1, org.springframework.boot.test.context.SpringBootTestWebEnvironment@3e96bacf], resourceBasePath = 'src/main/webapp', contextLoader = 'org.springframework.boot.test.context.SpringBootContextLoader', parent = [null]], attributes = map['org.springframework.test.context.web.ServletTestExecutionListener.activateListener' -> false]], class annotated with @DirtiesContext [false] with mode [null].
17:43:20.618 [Test worker] DEBUG org.springframework.test.context.support.DependencyInjectionTestExecutionListener - Performing dependency injection for test context [[DefaultTestContext@2c7d121c testClass = BlacklistApiControllerTest, testInstance = com.hyhr.hr_proj.web.BlacklistApiControllerTest@3a320ade, testMethod = [null], testException = [null], mergedContextConfiguration = [WebMergedContextConfiguration@65aa6596 testClass = BlacklistApiControllerTest, locations = '{}', classes = '{class com.hyhr.hr_proj.HrProjApplication}', contextInitializerClasses = '[]', activeProfiles = '{}', propertySourceLocations = '{}', propertySourceProperties = '{org.springframework.boot.test.context.SpringBootTestContextBootstrapper=true, server.port=0}', contextCustomizers = set[org.springframework.boot.test.autoconfigure.actuate.metrics.MetricsExportContextCustomizerFactory$DisableMetricExportContextCustomizer@a4add54, org.springframework.boot.test.autoconfigure.properties.PropertyMappingContextCustomizer@0, org.springframework.boot.test.autoconfigure.web.servlet.WebDriverContextCustomizerFactory$Customizer@39de3d36, org.springframework.boot.test.context.filter.ExcludeFilterContextCustomizer@58326051, org.springframework.boot.test.json.DuplicateJsonObjectContextCustomizerFactory$DuplicateJsonObjectContextCustomizer@598bd2ba, org.springframework.boot.test.mock.mockito.MockitoContextCustomizer@0, org.springframework.boot.test.web.client.TestRestTemplateContextCustomizer@7331196b, org.springframework.boot.test.context.SpringBootTestArgs@1, org.springframework.boot.test.context.SpringBootTestWebEnvironment@3e96bacf], resourceBasePath = 'src/main/webapp', contextLoader = 'org.springframework.boot.test.context.SpringBootContextLoader', parent = [null]], attributes = map['org.springframework.test.context.web.ServletTestExecutionListener.activateListener' -> false, 'org.springframework.test.context.event.ApplicationEventsTestExecutionListener.recordApplicationEvents' -> false]]].

  .   ____          _            __ _ _
 /\\ / ___'_ __ _ _(_)_ __  __ _ \ \ \ \
( ( )\___ | '_ | '_| | '_ \/ _` | \ \ \ \
 \\/  ___)| |_)| | | | | || (_| |  ) ) ) )
  '  |____| .__|_| |_|_| |_\__, | / / / /
 =========|_|==============|___/=/_/_/_/
 :: Spring Boot ::                (v2.7.3)

2022-09-20 17:43:20.907  INFO 20613 --- [    Test worker] c.h.h.web.BlacklistApiControllerTest     : Starting BlacklistApiControllerTest using Java 17.0.4 on songjaeheon-ThinkPad-E14-Gen-3 with PID 20613 (started by songjaeheon in /home/songjaeheon/play/hyu_hr/HYU_HR_Management/hr_proj)
2022-09-20 17:43:20.908  INFO 20613 --- [    Test worker] c.h.h.web.BlacklistApiControllerTest     : No active profile set, falling back to 1 default profile: "default"
2022-09-20 17:43:21.627  INFO 20613 --- [    Test worker] .s.d.r.c.RepositoryConfigurationDelegate : Bootstrapping Spring Data JPA repositories in DEFAULT mode.
2022-09-20 17:43:21.680  INFO 20613 --- [    Test worker] .s.d.r.c.RepositoryConfigurationDelegate : Finished Spring Data repository scanning in 45 ms. Found 3 JPA repository interfaces.
2022-09-20 17:43:22.395  INFO 20613 --- [    Test worker] o.s.b.w.embedded.tomcat.TomcatWebServer  : Tomcat initialized with port(s): 0 (http)
2022-09-20 17:43:22.407  INFO 20613 --- [    Test worker] o.apache.catalina.core.StandardService   : Starting service [Tomcat]
2022-09-20 17:43:22.407  INFO 20613 --- [    Test worker] org.apache.catalina.core.StandardEngine  : Starting Servlet engine: [Apache Tomcat/9.0.65]
2022-09-20 17:43:22.514  INFO 20613 --- [    Test worker] o.a.c.c.C.[Tomcat].[localhost].[/]       : Initializing Spring embedded WebApplicationContext
2022-09-20 17:43:22.514  INFO 20613 --- [    Test worker] w.s.c.ServletWebServerApplicationContext : Root WebApplicationContext: initialization completed in 1586 ms
2022-09-20 17:43:22.564  INFO 20613 --- [    Test worker] com.zaxxer.hikari.HikariDataSource       : HikariPool-1 - Starting...
2022-09-20 17:43:22.739  INFO 20613 --- [    Test worker] com.zaxxer.hikari.HikariDataSource       : HikariPool-1 - Start completed.
2022-09-20 17:43:22.751  INFO 20613 --- [    Test worker] o.s.b.a.h2.H2ConsoleAutoConfiguration    : H2 console available at '/h2-console'. Database available at 'jdbc:h2:mem://localhost/~/testdb'
2022-09-20 17:43:23.039  INFO 20613 --- [    Test worker] o.hibernate.jpa.internal.util.LogHelper  : HHH000204: Processing PersistenceUnitInfo [name: default]
2022-09-20 17:43:23.089  INFO 20613 --- [    Test worker] org.hibernate.Version                    : HHH000412: Hibernate ORM core version 5.6.10.Final
2022-09-20 17:43:23.229  INFO 20613 --- [    Test worker] o.hibernate.annotations.common.Version   : HCANN000001: Hibernate Commons Annotations {5.1.2.Final}
2022-09-20 17:43:23.318  INFO 20613 --- [    Test worker] org.hibernate.dialect.Dialect            : HHH000400: Using dialect: org.hibernate.dialect.MySQL57Dialect
Hibernate: drop table if exists blacklist
Hibernate: drop table if exists receipts
Hibernate: drop table if exists users
Hibernate: create table blacklist (id bigint not null auto_increment, created_date datetime(6), modified_date datetime(6), explanation varchar(255) not null, name varchar(255) not null, primary key (id)) engine=InnoDB
Hibernate: create table receipts (id bigint not null auto_increment, created_date datetime(6), modified_date datetime(6), title varchar(255) not null, uploader varchar(255) not null, primary key (id)) engine=InnoDB
Hibernate: create table users (id bigint not null auto_increment, created_date datetime(6), modified_date datetime(6), email varchar(255) not null, role varchar(255) not null, sign_up_date date not null, primary key (id)) engine=InnoDB
2022-09-20 17:43:23.806  INFO 20613 --- [    Test worker] o.h.e.t.j.p.i.JtaPlatformInitiator       : HHH000490: Using JtaPlatform implementation: [org.hibernate.engine.transaction.jta.platform.internal.NoJtaPlatform]
2022-09-20 17:43:23.815  INFO 20613 --- [    Test worker] j.LocalContainerEntityManagerFactoryBean : Initialized JPA EntityManagerFactory for persistence unit 'default'
2022-09-20 17:43:24.655  INFO 20613 --- [    Test worker] o.s.s.web.DefaultSecurityFilterChain     : Will secure any request with [org.springframework.security.web.session.DisableEncodeUrlFilter@36017835, org.springframework.security.web.context.request.async.WebAsyncManagerIntegrationFilter@7207f3c2, org.springframework.security.web.context.SecurityContextPersistenceFilter@188b9a1e, org.springframework.security.web.header.HeaderWriterFilter@750adad8, org.springframework.security.web.authentication.logout.LogoutFilter@41736818, org.springframework.security.oauth2.client.web.OAuth2AuthorizationRequestRedirectFilter@445c693, org.springframework.security.oauth2.client.web.OAuth2LoginAuthenticationFilter@6aed4a23, org.springframework.security.web.authentication.ui.DefaultLoginPageGeneratingFilter@589a4305, org.springframework.security.web.authentication.ui.DefaultLogoutPageGeneratingFilter@574134ba, org.springframework.security.web.savedrequest.RequestCacheAwareFilter@4a249610, org.springframework.security.web.servletapi.SecurityContextHolderAwareRequestFilter@ebbbe20, org.springframework.security.web.authentication.AnonymousAuthenticationFilter@57063e08, org.springframework.security.web.session.SessionManagementFilter@565030b7, org.springframework.security.web.access.ExceptionTranslationFilter@7fa86ddd, org.springframework.security.web.access.intercept.FilterSecurityInterceptor@6334c0d8]
2022-09-20 17:43:24.740  WARN 20613 --- [    Test worker] JpaBaseConfiguration$JpaWebConfiguration : spring.jpa.open-in-view is enabled by default. Therefore, database queries may be performed during view rendering. Explicitly configure spring.jpa.open-in-view to disable this warning
2022-09-20 17:43:25.239  INFO 20613 --- [    Test worker] o.s.b.w.embedded.tomcat.TomcatWebServer  : Tomcat started on port(s): 37057 (http) with context path ''
2022-09-20 17:43:25.251  INFO 20613 --- [    Test worker] s.a.ScheduledAnnotationBeanPostProcessor : No TaskScheduler/ScheduledExecutorService bean found for scheduled processing
2022-09-20 17:43:25.259  INFO 20613 --- [    Test worker] c.h.h.web.BlacklistApiControllerTest     : Started BlacklistApiControllerTest in 4.618 seconds (JVM running for 5.769)
2022-09-20 17:43:25.482  INFO 20613 --- [    Test worker] o.a.c.c.C.[Tomcat].[localhost].[/]       : Initializing Spring TestDispatcherServlet ''
2022-09-20 17:43:25.482  INFO 20613 --- [    Test worker] o.s.t.web.servlet.TestDispatcherServlet  : Initializing Servlet ''
2022-09-20 17:43:25.483  INFO 20613 --- [    Test worker] o.s.t.web.servlet.TestDispatcherServlet  : Completed initialization in 1 ms
Hibernate: insert into blacklist (created_date, modified_date, explanation, name) values (?, ?, ?, ?)
Hibernate: select blacklist0_.id as id1_0_, blacklist0_.created_date as created_2_0_, blacklist0_.modified_date as modified3_0_, blacklist0_.explanation as explanat4_0_, blacklist0_.name as name5_0_ from blacklist blacklist0_ where blacklist0_.name=?
Hibernate: select blacklist0_.id as id1_0_, blacklist0_.created_date as created_2_0_, blacklist0_.modified_date as modified3_0_, blacklist0_.explanation as explanat4_0_, blacklist0_.name as name5_0_ from blacklist blacklist0_
Hibernate: delete from blacklist where id=?
]]></system-out>
  <system-err><![CDATA[]]></system-err>
</testsuite>
