<?xml version="1.0" encoding="UTF-8"?>
<testsuite name="com.hyhr.hr_proj.HrProjApplicationTests" tests="1" skipped="0" failures="0" errors="0" timestamp="2022-09-20T08:43:27" hostname="songjaeheon-ThinkPad-E14-Gen-3" time="0.004">
  <properties/>
  <testcase name="contextLoads()" classname="com.hyhr.hr_proj.HrProjApplicationTests" time="0.004"/>
  <system-out><![CDATA[2022-09-20 17:43:26.093  INFO 20613 --- [    Test worker] .b.t.c.SpringBootTestContextBootstrapper : Neither @ContextConfiguration nor @ContextHierarchy found for test class [com.hyhr.hr_proj.HrProjApplicationTests], using SpringBootContextLoader
2022-09-20 17:43:26.094  INFO 20613 --- [    Test worker] o.s.t.c.support.AbstractContextLoader    : Could not detect default resource locations for test class [com.hyhr.hr_proj.HrProjApplicationTests]: no resource found for suffixes {-context.xml, Context.groovy}.
2022-09-20 17:43:26.094  INFO 20613 --- [    Test worker] t.c.s.AnnotationConfigContextLoaderUtils : Could not detect default configuration classes for test class [com.hyhr.hr_proj.HrProjApplicationTests]: HrProjApplicationTests does not declare any static, non-private, non-final, nested classes annotated with @Configuration.
2022-09-20 17:43:26.097  INFO 20613 --- [    Test worker] .b.t.c.SpringBootTestContextBootstrapper : Found @SpringBootConfiguration com.hyhr.hr_proj.HrProjApplication for test class com.hyhr.hr_proj.HrProjApplicationTests
2022-09-20 17:43:26.098  INFO 20613 --- [    Test worker] .b.t.c.SpringBootTestContextBootstrapper : Loaded default TestExecutionListener class names from location [META-INF/spring.factories]: [org.springframework.security.test.context.support.WithSecurityContextTestExecutionListener, org.springframework.security.test.context.support.ReactorContextTestExecutionListener, org.springframework.boot.test.autoconfigure.restdocs.RestDocsTestExecutionListener, org.springframework.boot.test.autoconfigure.web.client.MockRestServiceServerResetTestExecutionListener, org.springframework.boot.test.autoconfigure.web.servlet.MockMvcPrintOnlyOnFailureTestExecutionListener, org.springframework.boot.test.autoconfigure.web.servlet.WebDriverTestExecutionListener, org.springframework.boot.test.autoconfigure.webservices.client.MockWebServiceServerTestExecutionListener, org.springframework.boot.test.mock.mockito.MockitoTestExecutionListener, org.springframework.boot.test.mock.mockito.ResetMocksTestExecutionListener, org.springframework.test.context.web.ServletTestExecutionListener, org.springframework.test.context.support.DirtiesContextBeforeModesTestExecutionListener, org.springframework.test.context.event.ApplicationEventsTestExecutionListener, org.springframework.test.context.support.DependencyInjectionTestExecutionListener, org.springframework.test.context.support.DirtiesContextTestExecutionListener, org.springframework.test.context.transaction.TransactionalTestExecutionListener, org.springframework.test.context.jdbc.SqlScriptsTestExecutionListener, org.springframework.test.context.event.EventPublishingTestExecutionListener]
2022-09-20 17:43:26.099  INFO 20613 --- [    Test worker] .b.t.c.SpringBootTestContextBootstrapper : Using TestExecutionListeners: [org.springframework.test.context.web.ServletTestExecutionListener@2c78771b, org.springframework.test.context.support.DirtiesContextBeforeModesTestExecutionListener@aec9672, org.springframework.test.context.event.ApplicationEventsTestExecutionListener@1cfb59e, org.springframework.boot.test.mock.mockito.MockitoTestExecutionListener@77035caa, org.springframework.boot.test.autoconfigure.SpringBootDependencyInjectionTestExecutionListener@18ac2dfe, org.springframework.test.context.support.DirtiesContextTestExecutionListener@761d679f, org.springframework.test.context.transaction.TransactionalTestExecutionListener@a824f87, org.springframework.test.context.jdbc.SqlScriptsTestExecutionListener@6789b471, org.springframework.security.test.context.support.WithSecurityContextTestExecutionListener@1eb3a6a3, org.springframework.test.context.event.EventPublishingTestExecutionListener@30f0b75, org.springframework.security.test.context.support.ReactorContextTestExecutionListener@1b6982e4, org.springframework.boot.test.autoconfigure.restdocs.RestDocsTestExecutionListener@316987c4, org.springframework.boot.test.autoconfigure.web.client.MockRestServiceServerResetTestExecutionListener@32eca9f4, org.springframework.boot.test.autoconfigure.web.servlet.MockMvcPrintOnlyOnFailureTestExecutionListener@49c3487f, org.springframework.boot.test.autoconfigure.web.servlet.WebDriverTestExecutionListener@1e6a8d01, org.springframework.boot.test.autoconfigure.webservices.client.MockWebServiceServerTestExecutionListener@63c07eaf, org.springframework.boot.test.mock.mockito.ResetMocksTestExecutionListener@34b4c82a]

  .   ____          _            __ _ _
 /\\ / ___'_ __ _ _(_)_ __  __ _ \ \ \ \
( ( )\___ | '_ | '_| | '_ \/ _` | \ \ \ \
 \\/  ___)| |_)| | | | | || (_| |  ) ) ) )
  '  |____| .__|_| |_|_| |_\__, | / / / /
 =========|_|==============|___/=/_/_/_/
 :: Spring Boot ::                (v2.7.3)

2022-09-20 17:43:26.121  INFO 20613 --- [    Test worker] com.hyhr.hr_proj.HrProjApplicationTests  : Starting HrProjApplicationTests using Java 17.0.4 on songjaeheon-ThinkPad-E14-Gen-3 with PID 20613 (started by songjaeheon in /home/songjaeheon/play/hyu_hr/HYU_HR_Management/hr_proj)
2022-09-20 17:43:26.121  INFO 20613 --- [    Test worker] com.hyhr.hr_proj.HrProjApplicationTests  : No active profile set, falling back to 1 default profile: "default"
2022-09-20 17:43:26.267  INFO 20613 --- [    Test worker] .s.d.r.c.RepositoryConfigurationDelegate : Bootstrapping Spring Data JPA repositories in DEFAULT mode.
2022-09-20 17:43:26.277  INFO 20613 --- [    Test worker] .s.d.r.c.RepositoryConfigurationDelegate : Finished Spring Data repository scanning in 8 ms. Found 3 JPA repository interfaces.
2022-09-20 17:43:26.412  INFO 20613 --- [    Test worker] com.zaxxer.hikari.HikariDataSource       : HikariPool-2 - Starting...
2022-09-20 17:43:26.413  INFO 20613 --- [    Test worker] com.zaxxer.hikari.HikariDataSource       : HikariPool-2 - Start completed.
2022-09-20 17:43:26.454  INFO 20613 --- [    Test worker] o.hibernate.jpa.internal.util.LogHelper  : HHH000204: Processing PersistenceUnitInfo [name: default]
2022-09-20 17:43:26.458  INFO 20613 --- [    Test worker] org.hibernate.dialect.Dialect            : HHH000400: Using dialect: org.hibernate.dialect.MySQL57Dialect
Hibernate: drop table if exists blacklist
Hibernate: drop table if exists receipts
Hibernate: drop table if exists users
Hibernate: create table blacklist (id bigint not null auto_increment, created_date datetime(6), modified_date datetime(6), explanation varchar(255) not null, name varchar(255) not null, primary key (id)) engine=InnoDB
Hibernate: create table receipts (id bigint not null auto_increment, created_date datetime(6), modified_date datetime(6), title varchar(255) not null, uploader varchar(255) not null, primary key (id)) engine=InnoDB
Hibernate: create table users (id bigint not null auto_increment, created_date datetime(6), modified_date datetime(6), email varchar(255) not null, role varchar(255) not null, sign_up_date date not null, primary key (id)) engine=InnoDB
2022-09-20 17:43:26.505  INFO 20613 --- [    Test worker] o.h.e.t.j.p.i.JtaPlatformInitiator       : HHH000490: Using JtaPlatform implementation: [org.hibernate.engine.transaction.jta.platform.internal.NoJtaPlatform]
2022-09-20 17:43:26.505  INFO 20613 --- [    Test worker] j.LocalContainerEntityManagerFactoryBean : Initialized JPA EntityManagerFactory for persistence unit 'default'
2022-09-20 17:43:26.694  INFO 20613 --- [    Test worker] o.s.s.web.DefaultSecurityFilterChain     : Will secure any request with [org.springframework.security.web.session.DisableEncodeUrlFilter@58e61e18, org.springframework.security.web.context.request.async.WebAsyncManagerIntegrationFilter@6d9f624, org.springframework.security.web.context.SecurityContextPersistenceFilter@182ce25e, org.springframework.security.web.header.HeaderWriterFilter@4ed7fb78, org.springframework.security.web.authentication.logout.LogoutFilter@1895f7fe, org.springframework.security.oauth2.client.web.OAuth2AuthorizationRequestRedirectFilter@41f57420, org.springframework.security.oauth2.client.web.OAuth2LoginAuthenticationFilter@62e8ef9f, org.springframework.security.web.authentication.ui.DefaultLoginPageGeneratingFilter@5ded2dfc, org.springframework.security.web.authentication.ui.DefaultLogoutPageGeneratingFilter@6ce7d6ab, org.springframework.security.web.savedrequest.RequestCacheAwareFilter@32d11a5c, org.springframework.security.web.servletapi.SecurityContextHolderAwareRequestFilter@43ac3b45, org.springframework.security.web.authentication.AnonymousAuthenticationFilter@49d658bf, org.springframework.security.web.session.SessionManagementFilter@393b99d, org.springframework.security.web.access.ExceptionTranslationFilter@3df2f4ab, org.springframework.security.web.access.intercept.FilterSecurityInterceptor@5af08232]
2022-09-20 17:43:26.775  WARN 20613 --- [    Test worker] JpaBaseConfiguration$JpaWebConfiguration : spring.jpa.open-in-view is enabled by default. Therefore, database queries may be performed during view rendering. Explicitly configure spring.jpa.open-in-view to disable this warning
2022-09-20 17:43:26.859  INFO 20613 --- [    Test worker] o.s.b.a.h2.H2ConsoleAutoConfiguration    : H2 console available at '/h2-console'. Database available at 'jdbc:h2:mem://localhost/~/testdb'
2022-09-20 17:43:27.020  INFO 20613 --- [    Test worker] s.a.ScheduledAnnotationBeanPostProcessor : No TaskScheduler/ScheduledExecutorService bean found for scheduled processing
2022-09-20 17:43:27.022  INFO 20613 --- [    Test worker] com.hyhr.hr_proj.HrProjApplicationTests  : Started HrProjApplicationTests in 0.918 seconds (JVM running for 7.532)
]]></system-out>
  <system-err><![CDATA[]]></system-err>
</testsuite>
