<?xml version="1.0" encoding="UTF-8"?>
<testsuite name="com.hyhr.hr_proj.domain.users.UsersRepositoryTest" tests="2" skipped="0" failures="0" errors="0" timestamp="2022-09-20T08:43:27" hostname="songjaeheon-ThinkPad-E14-Gen-3" time="0.04">
  <properties/>
  <testcase name="usersSaveAndLoad()" classname="com.hyhr.hr_proj.domain.users.UsersRepositoryTest" time="0.022"/>
  <testcase name="BaseTimeEntityEnrollment()" classname="com.hyhr.hr_proj.domain.users.UsersRepositoryTest" time="0.017"/>
  <system-out><![CDATA[2022-09-20 17:43:27.087  INFO 20613 --- [    Test worker] .b.t.c.SpringBootTestContextBootstrapper : Neither @ContextConfiguration nor @ContextHierarchy found for test class [com.hyhr.hr_proj.domain.users.UsersRepositoryTest], using SpringBootContextLoader
2022-09-20 17:43:27.088  INFO 20613 --- [    Test worker] o.s.t.c.support.AbstractContextLoader    : Could not detect default resource locations for test class [com.hyhr.hr_proj.domain.users.UsersRepositoryTest]: no resource found for suffixes {-context.xml, Context.groovy}.
2022-09-20 17:43:27.088  INFO 20613 --- [    Test worker] t.c.s.AnnotationConfigContextLoaderUtils : Could not detect default configuration classes for test class [com.hyhr.hr_proj.domain.users.UsersRepositoryTest]: UsersRepositoryTest does not declare any static, non-private, non-final, nested classes annotated with @Configuration.
2022-09-20 17:43:27.093  INFO 20613 --- [    Test worker] .b.t.c.SpringBootTestContextBootstrapper : Found @SpringBootConfiguration com.hyhr.hr_proj.HrProjApplication for test class com.hyhr.hr_proj.domain.users.UsersRepositoryTest
2022-09-20 17:43:27.095  INFO 20613 --- [    Test worker] .b.t.c.SpringBootTestContextBootstrapper : Loaded default TestExecutionListener class names from location [META-INF/spring.factories]: [org.springframework.security.test.context.support.WithSecurityContextTestExecutionListener, org.springframework.security.test.context.support.ReactorContextTestExecutionListener, org.springframework.boot.test.autoconfigure.restdocs.RestDocsTestExecutionListener, org.springframework.boot.test.autoconfigure.web.client.MockRestServiceServerResetTestExecutionListener, org.springframework.boot.test.autoconfigure.web.servlet.MockMvcPrintOnlyOnFailureTestExecutionListener, org.springframework.boot.test.autoconfigure.web.servlet.WebDriverTestExecutionListener, org.springframework.boot.test.autoconfigure.webservices.client.MockWebServiceServerTestExecutionListener, org.springframework.boot.test.mock.mockito.MockitoTestExecutionListener, org.springframework.boot.test.mock.mockito.ResetMocksTestExecutionListener, org.springframework.test.context.web.ServletTestExecutionListener, org.springframework.test.context.support.DirtiesContextBeforeModesTestExecutionListener, org.springframework.test.context.event.ApplicationEventsTestExecutionListener, org.springframework.test.context.support.DependencyInjectionTestExecutionListener, org.springframework.test.context.support.DirtiesContextTestExecutionListener, org.springframework.test.context.transaction.TransactionalTestExecutionListener, org.springframework.test.context.jdbc.SqlScriptsTestExecutionListener, org.springframework.test.context.event.EventPublishingTestExecutionListener]
2022-09-20 17:43:27.096  INFO 20613 --- [    Test worker] .b.t.c.SpringBootTestContextBootstrapper : Using TestExecutionListeners: [org.springframework.test.context.web.ServletTestExecutionListener@7cfb255, org.springframework.test.context.support.DirtiesContextBeforeModesTestExecutionListener@214fe287, org.springframework.test.context.event.ApplicationEventsTestExecutionListener@4545ac62, org.springframework.boot.test.mock.mockito.MockitoTestExecutionListener@13e76a91, org.springframework.boot.test.autoconfigure.SpringBootDependencyInjectionTestExecutionListener@69c03fa2, org.springframework.test.context.support.DirtiesContextTestExecutionListener@37c5a3c7, org.springframework.test.context.transaction.TransactionalTestExecutionListener@5f0b2fe1, org.springframework.test.context.jdbc.SqlScriptsTestExecutionListener@77107573, org.springframework.security.test.context.support.WithSecurityContextTestExecutionListener@1fc5791c, org.springframework.test.context.event.EventPublishingTestExecutionListener@5843ab8, org.springframework.security.test.context.support.ReactorContextTestExecutionListener@3f679ce, org.springframework.boot.test.autoconfigure.restdocs.RestDocsTestExecutionListener@77393f2e, org.springframework.boot.test.autoconfigure.web.client.MockRestServiceServerResetTestExecutionListener@4300b54c, org.springframework.boot.test.autoconfigure.web.servlet.MockMvcPrintOnlyOnFailureTestExecutionListener@67f5066e, org.springframework.boot.test.autoconfigure.web.servlet.WebDriverTestExecutionListener@57fd3b57, org.springframework.boot.test.autoconfigure.webservices.client.MockWebServiceServerTestExecutionListener@6903bec9, org.springframework.boot.test.mock.mockito.ResetMocksTestExecutionListener@2f6fcc70]
Hibernate: insert into users (created_date, modified_date, email, role, sign_up_date) values (?, ?, ?, ?, ?)
Hibernate: select users0_.id as id1_2_, users0_.created_date as created_2_2_, users0_.modified_date as modified3_2_, users0_.email as email4_2_, users0_.role as role5_2_, users0_.sign_up_date as sign_up_6_2_ from users users0_
Hibernate: insert into users (created_date, modified_date, email, role, sign_up_date) values (?, ?, ?, ?, ?)
Hibernate: select users0_.id as id1_2_, users0_.created_date as created_2_2_, users0_.modified_date as modified3_2_, users0_.email as email4_2_, users0_.role as role5_2_, users0_.sign_up_date as sign_up_6_2_ from users users0_
>>>>>>>> createdDate=2022-09-20T17:43:27.105955, modifiedDate=2022-09-20T17:43:27.105955
Hibernate: select users0_.id as id1_2_, users0_.created_date as created_2_2_, users0_.modified_date as modified3_2_, users0_.email as email4_2_, users0_.role as role5_2_, users0_.sign_up_date as sign_up_6_2_ from users users0_
Hibernate: delete from users where id=?
Hibernate: delete from users where id=?
]]></system-out>
  <system-err><![CDATA[]]></system-err>
</testsuite>
