<?xml version="1.0" encoding="UTF-8"?>
<testsuite name="com.hyhr.hr_proj.web.ReceiptsApiControllerTest" tests="2" skipped="0" failures="0" errors="0" timestamp="2022-09-20T11:27:09" hostname="songjaeheon-ThinkPad-E14-Gen-3" time="0.069">
  <properties/>
  <testcase name="receipts_edit()" classname="com.hyhr.hr_proj.web.ReceiptsApiControllerTest" time="0.045"/>
  <testcase name="receipts_save()" classname="com.hyhr.hr_proj.web.ReceiptsApiControllerTest" time="0.021"/>
  <system-out><![CDATA[2022-09-20 20:27:09.372  INFO 27721 --- [    Test worker] .b.t.c.SpringBootTestContextBootstrapper : Neither @ContextConfiguration nor @ContextHierarchy found for test class [com.hyhr.hr_proj.web.ReceiptsApiControllerTest], using SpringBootContextLoader
2022-09-20 20:27:09.373  INFO 27721 --- [    Test worker] o.s.t.c.support.AbstractContextLoader    : Could not detect default resource locations for test class [com.hyhr.hr_proj.web.ReceiptsApiControllerTest]: no resource found for suffixes {-context.xml, Context.groovy}.
2022-09-20 20:27:09.374  INFO 27721 --- [    Test worker] t.c.s.AnnotationConfigContextLoaderUtils : Could not detect default configuration classes for test class [com.hyhr.hr_proj.web.ReceiptsApiControllerTest]: ReceiptsApiControllerTest does not declare any static, non-private, non-final, nested classes annotated with @Configuration.
2022-09-20 20:27:09.376  INFO 27721 --- [    Test worker] .b.t.c.SpringBootTestContextBootstrapper : Found @SpringBootConfiguration com.hyhr.hr_proj.HrProjApplication for test class com.hyhr.hr_proj.web.ReceiptsApiControllerTest
2022-09-20 20:27:09.377  INFO 27721 --- [    Test worker] .b.t.c.SpringBootTestContextBootstrapper : Loaded default TestExecutionListener class names from location [META-INF/spring.factories]: [org.springframework.security.test.context.support.WithSecurityContextTestExecutionListener, org.springframework.security.test.context.support.ReactorContextTestExecutionListener, org.springframework.boot.test.autoconfigure.restdocs.RestDocsTestExecutionListener, org.springframework.boot.test.autoconfigure.web.client.MockRestServiceServerResetTestExecutionListener, org.springframework.boot.test.autoconfigure.web.servlet.MockMvcPrintOnlyOnFailureTestExecutionListener, org.springframework.boot.test.autoconfigure.web.servlet.WebDriverTestExecutionListener, org.springframework.boot.test.autoconfigure.webservices.client.MockWebServiceServerTestExecutionListener, org.springframework.boot.test.mock.mockito.MockitoTestExecutionListener, org.springframework.boot.test.mock.mockito.ResetMocksTestExecutionListener, org.springframework.test.context.web.ServletTestExecutionListener, org.springframework.test.context.support.DirtiesContextBeforeModesTestExecutionListener, org.springframework.test.context.event.ApplicationEventsTestExecutionListener, org.springframework.test.context.support.DependencyInjectionTestExecutionListener, org.springframework.test.context.support.DirtiesContextTestExecutionListener, org.springframework.test.context.transaction.TransactionalTestExecutionListener, org.springframework.test.context.jdbc.SqlScriptsTestExecutionListener, org.springframework.test.context.event.EventPublishingTestExecutionListener]
2022-09-20 20:27:09.379  INFO 27721 --- [    Test worker] .b.t.c.SpringBootTestContextBootstrapper : Using TestExecutionListeners: [org.springframework.test.context.web.ServletTestExecutionListener@5e91b051, org.springframework.test.context.support.DirtiesContextBeforeModesTestExecutionListener@19c145d2, org.springframework.test.context.event.ApplicationEventsTestExecutionListener@77376e83, org.springframework.boot.test.mock.mockito.MockitoTestExecutionListener@708f4d81, org.springframework.boot.test.autoconfigure.SpringBootDependencyInjectionTestExecutionListener@23cf78f9, org.springframework.test.context.support.DirtiesContextTestExecutionListener@30b35687, org.springframework.test.context.transaction.TransactionalTestExecutionListener@7c3c6564, org.springframework.test.context.jdbc.SqlScriptsTestExecutionListener@7655dc27, org.springframework.security.test.context.support.WithSecurityContextTestExecutionListener@2e856aa4, org.springframework.test.context.event.EventPublishingTestExecutionListener@428169d, org.springframework.security.test.context.support.ReactorContextTestExecutionListener@1b204439, org.springframework.boot.test.autoconfigure.restdocs.RestDocsTestExecutionListener@434c179e, org.springframework.boot.test.autoconfigure.web.client.MockRestServiceServerResetTestExecutionListener@46199519, org.springframework.boot.test.autoconfigure.web.servlet.MockMvcPrintOnlyOnFailureTestExecutionListener@2c1ffb9, org.springframework.boot.test.autoconfigure.web.servlet.WebDriverTestExecutionListener@1bd97254, org.springframework.boot.test.autoconfigure.webservices.client.MockWebServiceServerTestExecutionListener@388a6656, org.springframework.boot.test.mock.mockito.ResetMocksTestExecutionListener@32b19d03]
2022-09-20 20:27:09.387  INFO 27721 --- [    Test worker] o.a.c.c.C.[Tomcat].[localhost].[/]       : Initializing Spring TestDispatcherServlet ''
2022-09-20 20:27:09.388  INFO 27721 --- [    Test worker] o.s.t.web.servlet.TestDispatcherServlet  : Initializing Servlet ''
2022-09-20 20:27:09.389  INFO 27721 --- [    Test worker] o.s.t.web.servlet.TestDispatcherServlet  : Completed initialization in 0 ms
Hibernate: insert into receipts (created_date, modified_date, title, uploader) values (?, ?, ?, ?)
Hibernate: select receipts0_.id as id1_1_0_, receipts0_.created_date as created_2_1_0_, receipts0_.modified_date as modified3_1_0_, receipts0_.title as title4_1_0_, receipts0_.uploader as uploader5_1_0_ from receipts receipts0_ where receipts0_.id=?
Hibernate: update receipts set created_date=?, modified_date=?, title=?, uploader=? where id=?
Hibernate: select receipts0_.id as id1_1_, receipts0_.created_date as created_2_1_, receipts0_.modified_date as modified3_1_, receipts0_.title as title4_1_, receipts0_.uploader as uploader5_1_ from receipts receipts0_
Hibernate: select receipts0_.id as id1_1_, receipts0_.created_date as created_2_1_, receipts0_.modified_date as modified3_1_, receipts0_.title as title4_1_, receipts0_.uploader as uploader5_1_ from receipts receipts0_
Hibernate: delete from receipts where id=?
2022-09-20 20:27:09.435  INFO 27721 --- [    Test worker] o.a.c.c.C.[Tomcat].[localhost].[/]       : Initializing Spring TestDispatcherServlet ''
2022-09-20 20:27:09.435  INFO 27721 --- [    Test worker] o.s.t.web.servlet.TestDispatcherServlet  : Initializing Servlet ''
2022-09-20 20:27:09.436  INFO 27721 --- [    Test worker] o.s.t.web.servlet.TestDispatcherServlet  : Completed initialization in 1 ms
Hibernate: insert into receipts (created_date, modified_date, title, uploader) values (?, ?, ?, ?)
Hibernate: select receipts0_.id as id1_1_, receipts0_.created_date as created_2_1_, receipts0_.modified_date as modified3_1_, receipts0_.title as title4_1_, receipts0_.uploader as uploader5_1_ from receipts receipts0_
Hibernate: select receipts0_.id as id1_1_, receipts0_.created_date as created_2_1_, receipts0_.modified_date as modified3_1_, receipts0_.title as title4_1_, receipts0_.uploader as uploader5_1_ from receipts receipts0_
Hibernate: delete from receipts where id=?
]]></system-out>
  <system-err><![CDATA[]]></system-err>
</testsuite>
