<?xml version="1.0" encoding="UTF-8"?>
<testsuite name="com.hyhr.hr_proj.domain.receipts.ReceiptsRepositoryTest" tests="2" skipped="0" failures="0" errors="0" timestamp="2022-09-20T08:43:27" hostname="songjaeheon-ThinkPad-E14-Gen-3" time="0.033">
  <properties/>
  <testcase name="receiptsSaveAndLoad()" classname="com.hyhr.hr_proj.domain.receipts.ReceiptsRepositoryTest" time="0.015"/>
  <testcase name="BaseTimeEntityEnrollment()" classname="com.hyhr.hr_proj.domain.receipts.ReceiptsRepositoryTest" time="0.018"/>
  <system-out><![CDATA[2022-09-20 17:43:27.033  INFO 20613 --- [    Test worker] .b.t.c.SpringBootTestContextBootstrapper : Neither @ContextConfiguration nor @ContextHierarchy found for test class [com.hyhr.hr_proj.domain.receipts.ReceiptsRepositoryTest], using SpringBootContextLoader
2022-09-20 17:43:27.033  INFO 20613 --- [    Test worker] o.s.t.c.support.AbstractContextLoader    : Could not detect default resource locations for test class [com.hyhr.hr_proj.domain.receipts.ReceiptsRepositoryTest]: no resource found for suffixes {-context.xml, Context.groovy}.
2022-09-20 17:43:27.033  INFO 20613 --- [    Test worker] t.c.s.AnnotationConfigContextLoaderUtils : Could not detect default configuration classes for test class [com.hyhr.hr_proj.domain.receipts.ReceiptsRepositoryTest]: ReceiptsRepositoryTest does not declare any static, non-private, non-final, nested classes annotated with @Configuration.
2022-09-20 17:43:27.038  INFO 20613 --- [    Test worker] .b.t.c.SpringBootTestContextBootstrapper : Found @SpringBootConfiguration com.hyhr.hr_proj.HrProjApplication for test class com.hyhr.hr_proj.domain.receipts.ReceiptsRepositoryTest
2022-09-20 17:43:27.040  INFO 20613 --- [    Test worker] .b.t.c.SpringBootTestContextBootstrapper : Loaded default TestExecutionListener class names from location [META-INF/spring.factories]: [org.springframework.security.test.context.support.WithSecurityContextTestExecutionListener, org.springframework.security.test.context.support.ReactorContextTestExecutionListener, org.springframework.boot.test.autoconfigure.restdocs.RestDocsTestExecutionListener, org.springframework.boot.test.autoconfigure.web.client.MockRestServiceServerResetTestExecutionListener, org.springframework.boot.test.autoconfigure.web.servlet.MockMvcPrintOnlyOnFailureTestExecutionListener, org.springframework.boot.test.autoconfigure.web.servlet.WebDriverTestExecutionListener, org.springframework.boot.test.autoconfigure.webservices.client.MockWebServiceServerTestExecutionListener, org.springframework.boot.test.mock.mockito.MockitoTestExecutionListener, org.springframework.boot.test.mock.mockito.ResetMocksTestExecutionListener, org.springframework.test.context.web.ServletTestExecutionListener, org.springframework.test.context.support.DirtiesContextBeforeModesTestExecutionListener, org.springframework.test.context.event.ApplicationEventsTestExecutionListener, org.springframework.test.context.support.DependencyInjectionTestExecutionListener, org.springframework.test.context.support.DirtiesContextTestExecutionListener, org.springframework.test.context.transaction.TransactionalTestExecutionListener, org.springframework.test.context.jdbc.SqlScriptsTestExecutionListener, org.springframework.test.context.event.EventPublishingTestExecutionListener]
2022-09-20 17:43:27.040  INFO 20613 --- [    Test worker] .b.t.c.SpringBootTestContextBootstrapper : Using TestExecutionListeners: [org.springframework.test.context.web.ServletTestExecutionListener@1979d616, org.springframework.test.context.support.DirtiesContextBeforeModesTestExecutionListener@6272936b, org.springframework.test.context.event.ApplicationEventsTestExecutionListener@7da6e22a, org.springframework.boot.test.mock.mockito.MockitoTestExecutionListener@7db57566, org.springframework.boot.test.autoconfigure.SpringBootDependencyInjectionTestExecutionListener@2aabd5a0, org.springframework.test.context.support.DirtiesContextTestExecutionListener@5cb4e255, org.springframework.test.context.transaction.TransactionalTestExecutionListener@16c9ec5b, org.springframework.test.context.jdbc.SqlScriptsTestExecutionListener@4001a5a1, org.springframework.security.test.context.support.WithSecurityContextTestExecutionListener@34f37ed4, org.springframework.test.context.event.EventPublishingTestExecutionListener@4fae8455, org.springframework.security.test.context.support.ReactorContextTestExecutionListener@16dc12cf, org.springframework.boot.test.autoconfigure.restdocs.RestDocsTestExecutionListener@5bbd8118, org.springframework.boot.test.autoconfigure.web.client.MockRestServiceServerResetTestExecutionListener@74974165, org.springframework.boot.test.autoconfigure.web.servlet.MockMvcPrintOnlyOnFailureTestExecutionListener@4f20ff8e, org.springframework.boot.test.autoconfigure.web.servlet.WebDriverTestExecutionListener@391cc6cf, org.springframework.boot.test.autoconfigure.webservices.client.MockWebServiceServerTestExecutionListener@e9e25b5, org.springframework.boot.test.mock.mockito.ResetMocksTestExecutionListener@404cc16a]
Hibernate: insert into receipts (created_date, modified_date, title, uploader) values (?, ?, ?, ?)
Hibernate: select receipts0_.id as id1_1_, receipts0_.created_date as created_2_1_, receipts0_.modified_date as modified3_1_, receipts0_.title as title4_1_, receipts0_.uploader as uploader5_1_ from receipts receipts0_
Hibernate: insert into receipts (created_date, modified_date, title, uploader) values (?, ?, ?, ?)
Hibernate: select receipts0_.id as id1_1_, receipts0_.created_date as created_2_1_, receipts0_.modified_date as modified3_1_, receipts0_.title as title4_1_, receipts0_.uploader as uploader5_1_ from receipts receipts0_
>>>>>>>> createdDate=2022-09-20T17:43:27.048304, modifiedDate=2022-09-20T17:43:27.048304
Hibernate: select receipts0_.id as id1_1_, receipts0_.created_date as created_2_1_, receipts0_.modified_date as modified3_1_, receipts0_.title as title4_1_, receipts0_.uploader as uploader5_1_ from receipts receipts0_
Hibernate: delete from receipts where id=?
Hibernate: delete from receipts where id=?
]]></system-out>
  <system-err><![CDATA[]]></system-err>
</testsuite>
